The system is: Windows - 10.0.19041 - AMD64
Compiling the C compiler identification source file "CMakeCCompilerId.c" succeeded.
Compiler: C:/Program Files (x86)/Microsoft Visual Studio/2019/BuildTools/VC/Tools/MSVC/14.27.29110/bin/Hostx86/x86/cl.exe 
Build flags: 
Id flags:  

The output was:
0
Оптимизирующий компилятор Microsoft (R) C/C++ версии 19.27.29111 для x86
(C) Корпорация Майкрософт (Microsoft Corporation).  Все права защищены.

CMakeCCompilerId.c
Microsoft (R) Incremental Linker Version 14.27.29111.0
Copyright (C) Microsoft Corporation.  All rights reserved.

/out:CMakeCCompilerId.exe 
CMakeCCompilerId.obj 


Compilation of the C compiler identification source "CMakeCCompilerId.c" produced "CMakeCCompilerId.exe"

Compilation of the C compiler identification source "CMakeCCompilerId.c" produced "CMakeCCompilerId.obj"

The C compiler identification is MSVC, found in "D:/5sem/OSISP/OSISP/Kyrs/cmake-build-debug/CMakeFiles/3.17.3/CompilerIdC/CMakeCCompilerId.exe"

Compiling the CXX compiler identification source file "CMakeCXXCompilerId.cpp" succeeded.
Compiler: C:/Program Files (x86)/Microsoft Visual Studio/2019/BuildTools/VC/Tools/MSVC/14.27.29110/bin/Hostx86/x86/cl.exe 
Build flags: 
Id flags:  

The output was:
0
Оптимизирующий компилятор Microsoft (R) C/C++ версии 19.27.29111 для x86
(C) Корпорация Майкрософт (Microsoft Corporation).  Все права защищены.

CMakeCXXCompilerId.cpp
Microsoft (R) Incremental Linker Version 14.27.29111.0
Copyright (C) Microsoft Corporation.  All rights reserved.

/out:CMakeCXXCompilerId.exe 
CMakeCXXCompilerId.obj 


Compilation of the CXX compiler identification source "CMakeCXXCompilerId.cpp" produced "CMakeCXXCompilerId.exe"

Compilation of the CXX compiler identification source "CMakeCXXCompilerId.cpp" produced "CMakeCXXCompilerId.obj"

The CXX compiler identification is MSVC, found in "D:/5sem/OSISP/OSISP/Kyrs/cmake-build-debug/CMakeFiles/3.17.3/CompilerIdCXX/CMakeCXXCompilerId.exe"

Determining if the C compiler works passed with the following output:
Change Dir: D:/5sem/OSISP/OSISP/Kyrs/cmake-build-debug/CMakeFiles/CMakeTmp

Run Build Command(s):nmake /nologo cmTC_64362\fast && 	"C:\Program Files (x86)\Microsoft Visual Studio\2019\BuildTools\VC\Tools\MSVC\14.27.29110\bin\HostX86\x86\nmake.exe"  -f CMakeFiles\cmTC_64362.dir\build.make /nologo -L                  CMakeFiles\cmTC_64362.dir\build

Building C object CMakeFiles/cmTC_64362.dir/testCCompiler.c.obj

	C:\PROGRA~2\MICROS~4\2019\BUILDT~1\VC\Tools\MSVC\1427~1.291\bin\Hostx86\x86\cl.exe @C:\Users\CD86~1\AppData\Local\Temp\nmD454.tmp

testCCompiler.c

Linking C executable cmTC_64362.exe

	"D:\CLion 2020.2.3\bin\cmake\win\bin\cmake.exe" -E vs_link_exe --intdir=CMakeFiles\cmTC_64362.dir --rc="D:\Embarcadero Studio 19.0\Windows Kits 10\bin\10.0.19041.0\x86\rc.exe" --mt="D:\Embarcadero Studio 19.0\Windows Kits 10\bin\10.0.19041.0\x86\mt.exe" --manifests  -- C:\PROGRA~2\MICROS~4\2019\BUILDT~1\VC\Tools\MSVC\1427~1.291\bin\Hostx86\x86\link.exe /nologo @CMakeFiles\cmTC_64362.dir\objects1.rsp @C:\Users\CD86~1\AppData\Local\Temp\nmD6A6.tmp




Detecting C compiler ABI info compiled with the following output:
Change Dir: D:/5sem/OSISP/OSISP/Kyrs/cmake-build-debug/CMakeFiles/CMakeTmp

Run Build Command(s):nmake /nologo cmTC_bbc42\fast && 	"C:\Program Files (x86)\Microsoft Visual Studio\2019\BuildTools\VC\Tools\MSVC\14.27.29110\bin\HostX86\x86\nmake.exe"  -f CMakeFiles\cmTC_bbc42.dir\build.make /nologo -L                  CMakeFiles\cmTC_bbc42.dir\build

Building C object CMakeFiles/cmTC_bbc42.dir/CMakeCCompilerABI.c.obj

	C:\PROGRA~2\MICROS~4\2019\BUILDT~1\VC\Tools\MSVC\1427~1.291\bin\Hostx86\x86\cl.exe @C:\Users\CD86~1\AppData\Local\Temp\nmDE27.tmp

CMakeCCompilerABI.c

Linking C executable cmTC_bbc42.exe

	"D:\CLion 2020.2.3\bin\cmake\win\bin\cmake.exe" -E vs_link_exe --intdir=CMakeFiles\cmTC_bbc42.dir --rc="D:\Embarcadero Studio 19.0\Windows Kits 10\bin\10.0.19041.0\x86\rc.exe" --mt="D:\Embarcadero Studio 19.0\Windows Kits 10\bin\10.0.19041.0\x86\mt.exe" --manifests  -- C:\PROGRA~2\MICROS~4\2019\BUILDT~1\VC\Tools\MSVC\1427~1.291\bin\Hostx86\x86\link.exe /nologo @CMakeFiles\cmTC_bbc42.dir\objects1.rsp @C:\Users\CD86~1\AppData\Local\Temp\nmDEC4.tmp




Determining if the CXX compiler works passed with the following output:
Change Dir: D:/5sem/OSISP/OSISP/Kyrs/cmake-build-debug/CMakeFiles/CMakeTmp

Run Build Command(s):nmake /nologo cmTC_7dccc\fast && 	"C:\Program Files (x86)\Microsoft Visual Studio\2019\BuildTools\VC\Tools\MSVC\14.27.29110\bin\HostX86\x86\nmake.exe"  -f CMakeFiles\cmTC_7dccc.dir\build.make /nologo -L                  CMakeFiles\cmTC_7dccc.dir\build

Building CXX object CMakeFiles/cmTC_7dccc.dir/testCXXCompiler.cxx.obj

	C:\PROGRA~2\MICROS~4\2019\BUILDT~1\VC\Tools\MSVC\1427~1.291\bin\Hostx86\x86\cl.exe @C:\Users\CD86~1\AppData\Local\Temp\nmE972.tmp

testCXXCompiler.cxx

Linking CXX executable cmTC_7dccc.exe

	"D:\CLion 2020.2.3\bin\cmake\win\bin\cmake.exe" -E vs_link_exe --intdir=CMakeFiles\cmTC_7dccc.dir --rc="D:\Embarcadero Studio 19.0\Windows Kits 10\bin\10.0.19041.0\x86\rc.exe" --mt="D:\Embarcadero Studio 19.0\Windows Kits 10\bin\10.0.19041.0\x86\mt.exe" --manifests  -- C:\PROGRA~2\MICROS~4\2019\BUILDT~1\VC\Tools\MSVC\1427~1.291\bin\Hostx86\x86\link.exe /nologo @CMakeFiles\cmTC_7dccc.dir\objects1.rsp @C:\Users\CD86~1\AppData\Local\Temp\nmEA1F.tmp




Detecting CXX compiler ABI info compiled with the following output:
Change Dir: D:/5sem/OSISP/OSISP/Kyrs/cmake-build-debug/CMakeFiles/CMakeTmp

Run Build Command(s):nmake /nologo cmTC_d34a3\fast && 	"C:\Program Files (x86)\Microsoft Visual Studio\2019\BuildTools\VC\Tools\MSVC\14.27.29110\bin\HostX86\x86\nmake.exe"  -f CMakeFiles\cmTC_d34a3.dir\build.make /nologo -L                  CMakeFiles\cmTC_d34a3.dir\build

Building CXX object CMakeFiles/cmTC_d34a3.dir/CMakeCXXCompilerABI.cpp.obj

	C:\PROGRA~2\MICROS~4\2019\BUILDT~1\VC\Tools\MSVC\1427~1.291\bin\Hostx86\x86\cl.exe @C:\Users\CD86~1\AppData\Local\Temp\nmEC9E.tmp

CMakeCXXCompilerABI.cpp

Linking CXX executable cmTC_d34a3.exe

	"D:\CLion 2020.2.3\bin\cmake\win\bin\cmake.exe" -E vs_link_exe --intdir=CMakeFiles\cmTC_d34a3.dir --rc="D:\Embarcadero Studio 19.0\Windows Kits 10\bin\10.0.19041.0\x86\rc.exe" --mt="D:\Embarcadero Studio 19.0\Windows Kits 10\bin\10.0.19041.0\x86\mt.exe" --manifests  -- C:\PROGRA~2\MICROS~4\2019\BUILDT~1\VC\Tools\MSVC\1427~1.291\bin\Hostx86\x86\link.exe /nologo @CMakeFiles\cmTC_d34a3.dir\objects1.rsp @C:\Users\CD86~1\AppData\Local\Temp\nmED0D.tmp




